{
  "startTime": 1755121280399,
  "endTime": 1755121315321,
  "duration": 34922,
  "environment": {
    "node": "v20.9.0",
    "platform": "win32",
    "arch": "x64",
    "memory": {
      "rss": 48242688,
      "heapTotal": 16330752,
      "heapUsed": 8445400,
      "external": 2251596,
      "arrayBuffers": 16667
    }
  },
  "tests": {
    "lint": {
      "status": "failed",
      "duration": 6555,
      "output": "Command failed with code 4294963238\nStdout: \nStderr: npm ERR! code ENOENT\nnpm ERR! syscall open\nnpm ERR! path C:\\Users\\Lotuz\\Desktop\\Nova pasta\\src\\package.json\nnpm ERR! errno -4058\nnpm ERR! enoent Could not read package.json: Error: ENOENT: no such file or directory, open 'C:\\Users\\Lotuz\\Desktop\\Nova pasta\\src\\package.json'\nnpm ERR! enoent This is related to npm not being able to find a file.\nnpm ERR! enoent \n\nnpm ERR! A complete log of this run can be found in: C:\\Users\\Lotuz\\AppData\\Local\\npm-cache\\_logs\\2025-08-13T21_41_26_800Z-debug-0.log\n"
    },
    "typecheck": {
      "status": "failed",
      "duration": 14708,
      "output": "Command failed with code 1\nStdout: app/api/accounts/route.ts(40,43): error TS2345: Argument of type '{}' is not assignable to parameter of type 'string'.\r\napp/api/accounts/route.ts(78,17): error TS2551: Property 'setex' does not exist on type 'CacheService'. Did you mean 'set'?\r\napp/api/user/activities/route.ts(21,43): error TS2345: Argument of type '{}' is not assignable to parameter of type 'string'.\r\napp/api/user/stats/route.ts(3,24): error TS2307: Cannot find module '@/lib/db' or its corresponding type declarations.\r\napp/api/user/stats/route.ts(21,43): error TS2345: Argument of type '{}' is not assignable to parameter of type 'string'.\r\nlib/redis.ts(345,17): error TS2551: Property 'redis' does not exist on type 'CacheService'. Did you mean 'isRedis'?\r\nlib/redis.ts(347,31): error TS2551: Property 'redis' does not exist on type 'CacheService'. Did you mean 'isRedis'?\r\nlib/redis.ts(348,35): error TS2551: Property 'redis' does not exist on type 'CacheService'. Did you mean 'isRedis'?\r\nlib/redis.ts(353,25): error TS2551: Property 'redis' does not exist on type 'CacheService'. Did you mean 'isRedis'?\r\n\nStderr: "
    },
    "build": {
      "status": "failed",
      "duration": 6478,
      "output": "Command failed with code 4294963238\nStdout: \nStderr: npm ERR! code ENOENT\nnpm ERR! syscall open\nnpm ERR! path C:\\Users\\Lotuz\\Desktop\\Nova pasta\\src\\package.json\nnpm ERR! errno -4058\nnpm ERR! enoent Could not read package.json: Error: ENOENT: no such file or directory, open 'C:\\Users\\Lotuz\\Desktop\\Nova pasta\\src\\package.json'\nnpm ERR! enoent This is related to npm not being able to find a file.\nnpm ERR! enoent \n\nnpm ERR! A complete log of this run can be found in: C:\\Users\\Lotuz\\AppData\\Local\\npm-cache\\_logs\\2025-08-13T21_41_48_009Z-debug-0.log\n"
    },
    "performance": {
      "status": "passed",
      "duration": 50,
      "results": [],
      "output": "\u001b[1müöÄ INICIANDO TESTES DE PERFORMANCE E FUNCIONALIDADE\u001b[0m\n\u001b[34m============================================================\u001b[0m\n\u001b[31m‚ùå Erro ao conectar com banco: Access denied for user 'root'@'localhost' (using password: NO)\u001b[0m\n\u001b[31m‚ùå Erro durante os testes: Access denied for user 'root'@'localhost' (using password: NO)\u001b[0m\n"
    },
    "integration": {
      "status": "passed",
      "duration": 7,
      "results": [
        {
          "test": "Servidor respondendo",
          "duration": 2,
          "status": "error",
          "error": ""
        }
      ],
      "output": "\u001b[1müöÄ INICIANDO TESTES DE INTEGRA√á√ÉO\u001b[0m\n\u001b[34m==================================================\u001b[0m\n\u001b[1m\nüåê Testando Conectividade...\u001b[0m\n\u001b[31m‚ùå Servidor respondendo: ERRO - \u001b[0m\n\u001b[31m‚ùå Erro cr√≠tico durante os testes: \u001b[0m\n"
    },
    "security": {
      "status": "warning",
      "duration": 7120,
      "issues": [
        "Arquivo sens√≠vel encontrado: .env.local"
      ]
    }
  },
  "summary": {
    "total": 6,
    "passed": 2,
    "failed": 3,
    "warnings": 1,
    "readyForProduction": false
  }
}