
<!DOCTYPE html>
<html lang="pt-BR">
<head>
    <meta charset="UTF-8">
    <meta name="viewport" content="width=device-width, initial-scale=1.0">
    <title>Relat√≥rio de Testes - 2025-08-13T21-34-27-068Z</title>
    <style>
        body { font-family: -apple-system, BlinkMacSystemFont, 'Segoe UI', Roboto, sans-serif; margin: 0; padding: 20px; background: #f5f5f5; }
        .container { max-width: 1200px; margin: 0 auto; background: white; border-radius: 8px; box-shadow: 0 2px 10px rgba(0,0,0,0.1); }
        .header { background: linear-gradient(135deg, #667eea 0%, #764ba2 100%); color: white; padding: 30px; border-radius: 8px 8px 0 0; }
        .content { padding: 30px; }
        .status-badge { display: inline-block; padding: 4px 12px; border-radius: 20px; font-size: 12px; font-weight: bold; text-transform: uppercase; }
        .status-passed { background: #d4edda; color: #155724; }
        .status-failed { background: #f8d7da; color: #721c24; }
        .status-warning { background: #fff3cd; color: #856404; }
        .grid { display: grid; grid-template-columns: repeat(auto-fit, minmax(300px, 1fr)); gap: 20px; margin: 20px 0; }
        .card { border: 1px solid #e0e0e0; border-radius: 8px; padding: 20px; }
        .card h3 { margin-top: 0; color: #333; }
        .metric { display: flex; justify-content: space-between; margin: 10px 0; }
        .metric strong { color: #666; }
        pre { background: #f8f9fa; padding: 15px; border-radius: 4px; overflow-x: auto; font-size: 12px; }
        .production-status { text-align: center; padding: 20px; margin: 20px 0; border-radius: 8px; font-size: 18px; font-weight: bold; }
        .production-ready { background: #d4edda; color: #155724; }
        .production-not-ready { background: #f8d7da; color: #721c24; }
    </style>
</head>
<body>
    <div class="container">
        <div class="header">
            <h1>üöÄ Relat√≥rio de Testes de Produ√ß√£o</h1>
            <p>Gerado em: 13/08/2025, 18:35:07</p>
            <p>Dura√ß√£o total: 40.8s</p>
        </div>
        
        <div class="content">
            <div class="production-status production-not-ready">
                ‚ùå SISTEMA N√ÉO EST√Å PRONTO PARA PRODU√á√ÉO
            </div>
            
            <div class="grid">
                <div class="card">
                    <h3>üìä Resumo Geral</h3>
                    <div class="metric"><span>Total de Testes:</span> <strong>6</strong></div>
                    <div class="metric"><span>Passou:</span> <strong style="color: #28a745">2</strong></div>
                    <div class="metric"><span>Falhou:</span> <strong style="color: #dc3545">3</strong></div>
                    <div class="metric"><span>Avisos:</span> <strong style="color: #ffc107">1</strong></div>
                </div>
                
                <div class="card">
                    <h3>üñ•Ô∏è Ambiente</h3>
                    <div class="metric"><span>Node.js:</span> <strong>v20.9.0</strong></div>
                    <div class="metric"><span>Plataforma:</span> <strong>win32</strong></div>
                    <div class="metric"><span>Arquitetura:</span> <strong>x64</strong></div>
                    <div class="metric"><span>Mem√≥ria:</span> <strong>8MB</strong></div>
                </div>
            </div>
            
            <h2>üìã Detalhes dos Testes</h2>
            
                <div class="card">
                    <h3>Lint 
                        <span class="status-badge status-failed">failed</span>
                    </h3>
                    <div class="metric"><span>Dura√ß√£o:</span> <strong>6.8s</strong></div>
                    
                    
                    <details><summary>Ver output completo</summary><pre>Command failed with code 4294963238
Stdout: 
Stderr: npm ERR! code ENOENT
npm ERR! syscall open
npm ERR! path C:\Users\Lotuz\Desktop\Nova pasta\src\package.json
npm ERR! errno -4058
npm ERR! enoent Could not read package.json: Error: ENOENT: no such file or directory, open 'C:\Users\Lotuz\Desktop\Nova pasta\src\package.json'
npm ERR! enoent This is related to npm not being able to find a file.
npm ERR! enoent 

npm ERR! A complete log of this run can be found in: C:\Users\Lotuz\AppData\Local\npm-cache\_logs\2025-08-13T21_34_33_694Z-debug-0.log
</pre></details>
                </div>
            
                <div class="card">
                    <h3>Typecheck 
                        <span class="status-badge status-failed">failed</span>
                    </h3>
                    <div class="metric"><span>Dura√ß√£o:</span> <strong>19.9s</strong></div>
                    
                    
                    <details><summary>Ver output completo</summary><pre>Command failed with code 1
Stdout: app/api/accounts/route.ts(40,43): error TS2345: Argument of type '{}' is not assignable to parameter of type 'string'.
app/api/accounts/route.ts(78,17): error TS2551: Property 'setex' does not exist on type 'CacheService'. Did you mean 'set'?
app/api/user/activities/route.ts(21,43): error TS2345: Argument of type '{}' is not assignable to parameter of type 'string'.
app/api/user/stats/route.ts(3,24): error TS2307: Cannot find module '@/lib/db' or its corresponding type declarations.
app/api/user/stats/route.ts(21,43): error TS2345: Argument of type '{}' is not assignable to parameter of type 'string'.
lib/redis.ts(345,17): error TS2551: Property 'redis' does not exist on type 'CacheService'. Did you mean 'isRedis'?
lib/redis.ts(347,31): error TS2551: Property 'redis' does not exist on type 'CacheService'. Did you mean 'isRedis'?
lib/redis.ts(348,35): error TS2551: Property 'redis' does not exist on type 'CacheService'. Did you mean 'isRedis'?
lib/redis.ts(353,25): error TS2551: Property 'redis' does not exist on type 'CacheService'. Did you mean 'isRedis'?

Stderr: </pre></details>
                </div>
            
                <div class="card">
                    <h3>Build 
                        <span class="status-badge status-failed">failed</span>
                    </h3>
                    <div class="metric"><span>Dura√ß√£o:</span> <strong>6.7s</strong></div>
                    
                    
                    <details><summary>Ver output completo</summary><pre>Command failed with code 4294963238
Stdout: 
Stderr: npm ERR! code ENOENT
npm ERR! syscall open
npm ERR! path C:\Users\Lotuz\Desktop\Nova pasta\src\package.json
npm ERR! errno -4058
npm ERR! enoent Could not read package.json: Error: ENOENT: no such file or directory, open 'C:\Users\Lotuz\Desktop\Nova pasta\src\package.json'
npm ERR! enoent This is related to npm not being able to find a file.
npm ERR! enoent 

npm ERR! A complete log of this run can be found in: C:\Users\Lotuz\AppData\Local\npm-cache\_logs\2025-08-13T21_35_00_299Z-debug-0.log
</pre></details>
                </div>
            
                <div class="card">
                    <h3>Performance 
                        <span class="status-badge status-passed">passed</span>
                    </h3>
                    <div class="metric"><span>Dura√ß√£o:</span> <strong>48ms</strong></div>
                    
                    
                    <details><summary>Ver output completo</summary><pre>[1müöÄ INICIANDO TESTES DE PERFORMANCE E FUNCIONALIDADE[0m
[34m============================================================[0m
[31m‚ùå Erro ao conectar com banco: Access denied for user 'root'@'localhost' (using password: NO)[0m
[31m‚ùå Erro durante os testes: Access denied for user 'root'@'localhost' (using password: NO)[0m
</pre></details>
                </div>
            
                <div class="card">
                    <h3>Integration 
                        <span class="status-badge status-passed">passed</span>
                    </h3>
                    <div class="metric"><span>Dura√ß√£o:</span> <strong>82ms</strong></div>
                    
                    
                    <details><summary>Ver output completo</summary><pre>[1müöÄ INICIANDO TESTES DE INTEGRA√á√ÉO[0m
[34m==================================================[0m
[1m
üåê Testando Conectividade...[0m
[31m‚ùå Servidor respondendo: ERRO - Status inesperado: 500[0m
[31m‚ùå Erro cr√≠tico durante os testes: Status inesperado: 500[0m
</pre></details>
                </div>
            
                <div class="card">
                    <h3>Security 
                        <span class="status-badge status-warning">warning</span>
                    </h3>
                    <div class="metric"><span>Dura√ß√£o:</span> <strong>7.3s</strong></div>
                    
                    
                        <div><strong>Problemas encontrados:</strong></div>
                        <ul><li>Arquivo sens√≠vel encontrado: .env.local</li></ul>
                    
                    
                </div>
            
        </div>
    </div>
</body>
</html>